<?xml version="1.0" encoding="UTF-8"?>
<!-- Generated by org.testng.reporters.JUnitReportReporter -->
<testsuite hostname="BHUKRK587166L" failures="0" tests="4" name="Demo.Demowebshop" time="3.307" errors="1" timestamp="25 May 2023 13:52:59 GMT" skipped="3">
  <testcase classname="Demo.Demowebshop" name="validateRegister" time="0.000">
    <skipped/>
  </testcase> <!-- validateRegister -->
  <testcase classname="Demo.Demowebshop" name="beforeMethod" time="3.307">
    <error message="session not created: This version of ChromeDriver only supports Chrome version 106
Current browser version is 113.0.5672.127 with binary path C:\Users\pritesh.ranjan\AppData\Local\Google\Chrome\Application\chrome.exe
Build info: version: &#039;4.0.0-alpha-5&#039;, revision: &#039;b3a0d621cc&#039;
System info: host: &#039;BHUKRK587166L&#039;, ip: &#039;192.168.1.33&#039;, os.name: &#039;Windows 11&#039;, os.arch: &#039;amd64&#039;, os.version: &#039;10.0&#039;, java.version: &#039;17.0.2&#039;
Driver info: driver.version: ChromeDriver
remote stacktrace: Backtrace:
	Ordinal0 [0x00761ED3+2236115]
	Ordinal0 [0x006F92F1+1807089]
	Ordinal0 [0x006066FD+812797]
	Ordinal0 [0x00628C6D+953453]
	Ordinal0 [0x00624200+934400]
	Ordinal0 [0x006219C9+924105]
	Ordinal0 [0x0065806C+1146988]
	Ordinal0 [0x00657A6A+1145450]
	Ordinal0 [0x006518A6+1120422]
	Ordinal0 [0x0062A73D+960317]
	Ordinal0 [0x0062B71F+964383]
	GetHandleVerifier [0x00A0E7E2+2743074]
	GetHandleVerifier [0x00A008D4+2685972]
	GetHandleVerifier [0x007F2BAA+532202]
	GetHandleVerifier [0x007F1990+527568]
	Ordinal0 [0x0070080C+1837068]
	Ordinal0 [0x00704CD8+1854680]
	Ordinal0 [0x00704DC5+1854917]
	Ordinal0 [0x0070ED64+1895780]
	BaseThreadInitThunk [0x74EA6BA9+25]
	RtlGetFullPathName_UEx [0x76F98F9F+1215]
	RtlGetFullPathName_UEx [0x76F98F6D+1165]
" type="org.openqa.selenium.SessionNotCreatedException">
      <![CDATA[org.openqa.selenium.SessionNotCreatedException: session not created: This version of ChromeDriver only supports Chrome version 106
Current browser version is 113.0.5672.127 with binary path C:\Users\pritesh.ranjan\AppData\Local\Google\Chrome\Application\chrome.exe
Build info: version: '4.0.0-alpha-5', revision: 'b3a0d621cc'
System info: host: 'BHUKRK587166L', ip: '192.168.1.33', os.name: 'Windows 11', os.arch: 'amd64', os.version: '10.0', java.version: '17.0.2'
Driver info: driver.version: ChromeDriver
remote stacktrace: Backtrace:
	Ordinal0 [0x00761ED3+2236115]
	Ordinal0 [0x006F92F1+1807089]
	Ordinal0 [0x006066FD+812797]
	Ordinal0 [0x00628C6D+953453]
	Ordinal0 [0x00624200+934400]
	Ordinal0 [0x006219C9+924105]
	Ordinal0 [0x0065806C+1146988]
	Ordinal0 [0x00657A6A+1145450]
	Ordinal0 [0x006518A6+1120422]
	Ordinal0 [0x0062A73D+960317]
	Ordinal0 [0x0062B71F+964383]
	GetHandleVerifier [0x00A0E7E2+2743074]
	GetHandleVerifier [0x00A008D4+2685972]
	GetHandleVerifier [0x007F2BAA+532202]
	GetHandleVerifier [0x007F1990+527568]
	Ordinal0 [0x0070080C+1837068]
	Ordinal0 [0x00704CD8+1854680]
	Ordinal0 [0x00704DC5+1854917]
	Ordinal0 [0x0070ED64+1895780]
	BaseThreadInitThunk [0x74EA6BA9+25]
	RtlGetFullPathName_UEx [0x76F98F9F+1215]
	RtlGetFullPathName_UEx [0x76F98F6D+1165]

	at java.base/jdk.internal.reflect.NativeConstructorAccessorImpl.newInstance0(Native Method)
	at java.base/jdk.internal.reflect.NativeConstructorAccessorImpl.newInstance(NativeConstructorAccessorImpl.java:77)
	at java.base/jdk.internal.reflect.DelegatingConstructorAccessorImpl.newInstance(DelegatingConstructorAccessorImpl.java:45)
	at java.base/java.lang.reflect.Constructor.newInstanceWithCaller(Constructor.java:499)
	at java.base/java.lang.reflect.Constructor.newInstance(Constructor.java:480)
	at org.openqa.selenium.remote.W3CHandshakeResponse.lambda$errorHandler$0(W3CHandshakeResponse.java:62)
	at org.openqa.selenium.remote.HandshakeResponse.lambda$getResponseFunction$0(HandshakeResponse.java:30)
	at org.openqa.selenium.remote.ProtocolHandshake.lambda$createSession$1(ProtocolHandshake.java:126)
	at java.base/java.util.stream.ReferencePipeline$3$1.accept(ReferencePipeline.java:197)
	at java.base/java.util.Spliterators$ArraySpliterator.tryAdvance(Spliterators.java:1002)
	at java.base/java.util.stream.ReferencePipeline.forEachWithCancel(ReferencePipeline.java:129)
	at java.base/java.util.stream.AbstractPipeline.copyIntoWithCancel(AbstractPipeline.java:527)
	at java.base/java.util.stream.AbstractPipeline.copyInto(AbstractPipeline.java:513)
	at java.base/java.util.stream.AbstractPipeline.wrapAndCopyInto(AbstractPipeline.java:499)
	at java.base/java.util.stream.FindOps$FindOp.evaluateSequential(FindOps.java:150)
	at java.base/java.util.stream.AbstractPipeline.evaluate(AbstractPipeline.java:234)
	at java.base/java.util.stream.ReferencePipeline.findFirst(ReferencePipeline.java:647)
	at org.openqa.selenium.remote.ProtocolHandshake.createSession(ProtocolHandshake.java:128)
	at org.openqa.selenium.remote.ProtocolHandshake.createSession(ProtocolHandshake.java:75)
	at org.openqa.selenium.remote.HttpCommandExecutor.execute(HttpCommandExecutor.java:139)
	at org.openqa.selenium.remote.service.DriverCommandExecutor.execute(DriverCommandExecutor.java:83)
	at org.openqa.selenium.remote.RemoteWebDriver.execute(RemoteWebDriver.java:582)
	at org.openqa.selenium.remote.RemoteWebDriver.startSession(RemoteWebDriver.java:216)
	at org.openqa.selenium.remote.RemoteWebDriver.<init>(RemoteWebDriver.java:136)
	at org.openqa.selenium.chromium.ChromiumDriver.<init>(ChromiumDriver.java:75)
	at org.openqa.selenium.chrome.ChromeDriver.<init>(ChromeDriver.java:163)
	at org.openqa.selenium.chrome.ChromeDriver.<init>(ChromeDriver.java:150)
	at org.openqa.selenium.chrome.ChromeDriver.<init>(ChromeDriver.java:105)
	at Demo.Demowebshop.beforeMethod(Demowebshop.java:35)
	at java.base/jdk.internal.reflect.NativeMethodAccessorImpl.invoke0(Native Method)
	at java.base/jdk.internal.reflect.NativeMethodAccessorImpl.invoke(NativeMethodAccessorImpl.java:77)
	at java.base/jdk.internal.reflect.DelegatingMethodAccessorImpl.invoke(DelegatingMethodAccessorImpl.java:43)
	at java.base/java.lang.reflect.Method.invoke(Method.java:568)
	at org.testng.internal.MethodInvocationHelper.invokeMethod(MethodInvocationHelper.java:108)
	at org.testng.internal.Invoker.invokeConfigurationMethod(Invoker.java:523)
	at org.testng.internal.Invoker.invokeConfigurations(Invoker.java:224)
	at org.testng.internal.Invoker.invokeConfigurations(Invoker.java:146)
	at org.testng.internal.TestMethodWorker.invokeBeforeClassMethods(TestMethodWorker.java:166)
	at org.testng.internal.TestMethodWorker.run(TestMethodWorker.java:105)
	at org.testng.TestRunner.privateRun(TestRunner.java:744)
	at org.testng.TestRunner.run(TestRunner.java:602)
	at org.testng.SuiteRunner.runTest(SuiteRunner.java:380)
	at org.testng.SuiteRunner.runSequentially(SuiteRunner.java:375)
	at org.testng.SuiteRunner.privateRun(SuiteRunner.java:340)
	at org.testng.SuiteRunner.run(SuiteRunner.java:289)
	at org.testng.SuiteRunnerWorker.runSuite(SuiteRunnerWorker.java:52)
	at org.testng.SuiteRunnerWorker.run(SuiteRunnerWorker.java:86)
	at org.testng.TestNG.runSuitesSequentially(TestNG.java:1301)
	at org.testng.TestNG.runSuitesLocally(TestNG.java:1226)
	at org.testng.TestNG.runSuites(TestNG.java:1144)
	at org.testng.TestNG.run(TestNG.java:1115)
	at org.testng.remote.AbstractRemoteTestNG.run(AbstractRemoteTestNG.java:132)
	at org.testng.remote.RemoteTestNG.initAndRun(RemoteTestNG.java:230)
	at org.testng.remote.RemoteTestNG.main(RemoteTestNG.java:76)
]]>
    </error>
  </testcase> <!-- beforeMethod -->
  <testcase classname="Demo.Demowebshop" name="addToCart" time="0.000">
    <skipped/>
  </testcase> <!-- addToCart -->
  <testcase classname="Demo.Demowebshop" name="billing" time="0.000">
    <skipped/>
  </testcase> <!-- billing -->
</testsuite> <!-- Demo.Demowebshop -->
